c:\users\meirc\onedrive - jerusalem college of technology - machon lev\שולחן העבודה\repos\beyond code\beyond-code-\btc-1-5-5785-tal\btc-1-5-5785-tal\x64\debug\vc143.pdb
c:\users\meirc\onedrive - jerusalem college of technology - machon lev\שולחן העבודה\repos\beyond code\beyond-code-\btc-1-5-5785-tal\btc-1-5-5785-tal\x64\debug\vc143.idb
c:\users\meirc\onedrive - jerusalem college of technology - machon lev\שולחן העבודה\repos\beyond code\beyond-code-\btc-1-5-5785-tal\btc-1-5-5785-tal\x64\debug\q9.obj
c:\users\meirc\onedrive - jerusalem college of technology - machon lev\שולחן העבודה\repos\beyond code\beyond-code-\btc-1-5-5785-tal\btc-1-5-5785-tal\x64\debug\q8.obj
c:\users\meirc\onedrive - jerusalem college of technology - machon lev\שולחן העבודה\repos\beyond code\beyond-code-\btc-1-5-5785-tal\btc-1-5-5785-tal\x64\debug\q7.obj
c:\users\meirc\onedrive - jerusalem college of technology - machon lev\שולחן העבודה\repos\beyond code\beyond-code-\btc-1-5-5785-tal\btc-1-5-5785-tal\x64\debug\q6.obj
c:\users\meirc\onedrive - jerusalem college of technology - machon lev\שולחן העבודה\repos\beyond code\beyond-code-\btc-1-5-5785-tal\btc-1-5-5785-tal\x64\debug\q5.obj
c:\users\meirc\onedrive - jerusalem college of technology - machon lev\שולחן העבודה\repos\beyond code\beyond-code-\btc-1-5-5785-tal\btc-1-5-5785-tal\x64\debug\q4.obj
c:\users\meirc\onedrive - jerusalem college of technology - machon lev\שולחן העבודה\repos\beyond code\beyond-code-\btc-1-5-5785-tal\btc-1-5-5785-tal\x64\debug\q3.obj
c:\users\meirc\onedrive - jerusalem college of technology - machon lev\שולחן העבודה\repos\beyond code\beyond-code-\btc-1-5-5785-tal\btc-1-5-5785-tal\x64\debug\q2.obj
c:\users\meirc\onedrive - jerusalem college of technology - machon lev\שולחן העבודה\repos\beyond code\beyond-code-\btc-1-5-5785-tal\btc-1-5-5785-tal\x64\debug\q18.obj
c:\users\meirc\onedrive - jerusalem college of technology - machon lev\שולחן העבודה\repos\beyond code\beyond-code-\btc-1-5-5785-tal\btc-1-5-5785-tal\x64\debug\q17.obj
c:\users\meirc\onedrive - jerusalem college of technology - machon lev\שולחן העבודה\repos\beyond code\beyond-code-\btc-1-5-5785-tal\btc-1-5-5785-tal\x64\debug\q16.obj
c:\users\meirc\onedrive - jerusalem college of technology - machon lev\שולחן העבודה\repos\beyond code\beyond-code-\btc-1-5-5785-tal\btc-1-5-5785-tal\x64\debug\q15.obj
c:\users\meirc\onedrive - jerusalem college of technology - machon lev\שולחן העבודה\repos\beyond code\beyond-code-\btc-1-5-5785-tal\btc-1-5-5785-tal\x64\debug\q14.obj
c:\users\meirc\onedrive - jerusalem college of technology - machon lev\שולחן העבודה\repos\beyond code\beyond-code-\btc-1-5-5785-tal\btc-1-5-5785-tal\x64\debug\q13.obj
c:\users\meirc\onedrive - jerusalem college of technology - machon lev\שולחן העבודה\repos\beyond code\beyond-code-\btc-1-5-5785-tal\btc-1-5-5785-tal\x64\debug\q12.obj
c:\users\meirc\onedrive - jerusalem college of technology - machon lev\שולחן העבודה\repos\beyond code\beyond-code-\btc-1-5-5785-tal\btc-1-5-5785-tal\x64\debug\q11.obj
c:\users\meirc\onedrive - jerusalem college of technology - machon lev\שולחן העבודה\repos\beyond code\beyond-code-\btc-1-5-5785-tal\btc-1-5-5785-tal\x64\debug\q10.obj
c:\users\meirc\onedrive - jerusalem college of technology - machon lev\שולחן העבודה\repos\beyond code\beyond-code-\btc-1-5-5785-tal\btc-1-5-5785-tal\x64\debug\q1.obj
c:\users\meirc\onedrive - jerusalem college of technology - machon lev\שולחן העבודה\repos\beyond code\beyond-code-\btc-1-5-5785-tal\x64\debug\btc-1-5-5785-tal.exe
c:\users\meirc\onedrive - jerusalem college of technology - machon lev\שולחן העבודה\repos\beyond code\beyond-code-\btc-1-5-5785-tal\x64\debug\btc-1-5-5785-tal.pdb
c:\users\meirc\onedrive - jerusalem college of technology - machon lev\שולחן העבודה\repos\beyond code\beyond-code-\btc-1-5-5785-tal\btc-1-5-5785-tal\x64\debug\btc-1-5-5785-tal.ilk
c:\users\meirc\onedrive - jerusalem college of technology - machon lev\שולחן העבודה\repos\beyond code\beyond-code-\btc-1-5-5785-tal\btc-1-5-5785-tal\x64\debug\btc-1-5-5785-tal.tlog\cl.command.1.tlog
c:\users\meirc\onedrive - jerusalem college of technology - machon lev\שולחן העבודה\repos\beyond code\beyond-code-\btc-1-5-5785-tal\btc-1-5-5785-tal\x64\debug\btc-1-5-5785-tal.tlog\cl.items.tlog
c:\users\meirc\onedrive - jerusalem college of technology - machon lev\שולחן העבודה\repos\beyond code\beyond-code-\btc-1-5-5785-tal\btc-1-5-5785-tal\x64\debug\btc-1-5-5785-tal.tlog\cl.read.1.tlog
c:\users\meirc\onedrive - jerusalem college of technology - machon lev\שולחן העבודה\repos\beyond code\beyond-code-\btc-1-5-5785-tal\btc-1-5-5785-tal\x64\debug\btc-1-5-5785-tal.tlog\cl.write.1.tlog
c:\users\meirc\onedrive - jerusalem college of technology - machon lev\שולחן העבודה\repos\beyond code\beyond-code-\btc-1-5-5785-tal\btc-1-5-5785-tal\x64\debug\btc-1-5-5785-tal.tlog\link.command.1.tlog
c:\users\meirc\onedrive - jerusalem college of technology - machon lev\שולחן העבודה\repos\beyond code\beyond-code-\btc-1-5-5785-tal\btc-1-5-5785-tal\x64\debug\btc-1-5-5785-tal.tlog\link.read.1.tlog
c:\users\meirc\onedrive - jerusalem college of technology - machon lev\שולחן העבודה\repos\beyond code\beyond-code-\btc-1-5-5785-tal\btc-1-5-5785-tal\x64\debug\btc-1-5-5785-tal.tlog\link.secondary.1.tlog
c:\users\meirc\onedrive - jerusalem college of technology - machon lev\שולחן העבודה\repos\beyond code\beyond-code-\btc-1-5-5785-tal\btc-1-5-5785-tal\x64\debug\btc-1-5-5785-tal.tlog\link.write.1.tlog
